This product includes software developed by Daniel Kroening, Edmund Clarke, 
Computer Science Department, University of Oxford 
Computer Science Department, Carnegie Mellon University
CBMC version 4.9 64-bit linux
file ylz_example.c: Parsing
Converting
Type-checking ylz_example
Generating GOTO Program
Adding CPROVER library
Function Pointer Removal
Partial Inlining
Generic Property Instrumentation
Starting Bounded Model Checking
--unwind 2
Adding SC constraints
Shared c::__CPROVER_threads_exited: 4R/3W
Shared c::__CPROVER_next_thread_id: 3R/3W
Shared c::x: 2R/3W
Shared c::y: 2R/3W
Shared c::m: 1R/2W
Shared c::n: 1R/2W
reads num: 13
writes num: 16
200 steps
200 steps
248 steps
size of program expression: 248 steps
no slicing due to threads
Generated 1 VCC(s), 1 remaining after simplification
34 =======
num = 9
Passing problem to propositional reduction
Running propositional reduction
Post-processing
Solving with MiniSAT 2.2.0 with simplifier
1073 variables, 3462 clauses
SAT checker: negated claim is SATISFIABLE, i.e., does not hold
Runtime decision procedure: 0.001s
add rf time = 0s
clear time  = 0s
================= Refine 0 =================
cycle number = 5
constraint.size = 1
Running propositional reduction
Solving with MiniSAT 2.2.0 with simplifier
1073 variables, 3463 clauses
SAT checker: negated claim is SATISFIABLE, i.e., does not hold
Runtime decision procedure: 0s
add rf time = 0s
clear time  = 0s
================= Refine 1 =================
cycle number = 2
constraint.size = 1
Running propositional reduction
Solving with MiniSAT 2.2.0 with simplifier
1073 variables, 3464 clauses
SAT checker: negated claim is SATISFIABLE, i.e., does not hold
Runtime decision procedure: 0s
add rf time = 0s
clear time  = 0s
================= Refine 2 =================
cycle number = 8
constraint.size = 1
Running propositional reduction
Solving with MiniSAT 2.2.0 with simplifier
1073 variables, 3464 clauses
SAT checker inconsistent: negated claim is UNSATISFIABLE, i.e., holds
Runtime decision procedure: 0s
VERIFICATION SUCCESSFUL
########## build eog time: 0 s#######
########## compute constraint time: 0 s#######
########## SAT Solving time: 0.001 s#######
